<?xml version="1.0" encoding="UTF-8"?>
<testsuite name="controller.ControllerTest" tests="1" skipped="0" failures="0" errors="0" timestamp="2025-02-06T13:07:17" hostname="jang-yehun-ui-MacBookPro.local" time="0.005">
  <properties/>
  <testcase name="정상적인 연산을 하는지 테스트" classname="controller.ControllerTest" time="0.005"/>
  <system-out><![CDATA[]]></system-out>
  <system-err><![CDATA[]]></system-err>
</testsuite>
