<?xml version="1.0" encoding="UTF-8"?>
<testsuite name="InputViewTest" tests="2" skipped="0" failures="0" errors="0" timestamp="2025-01-23T07:16:15" hostname="jang-yehun-ui-MacBookPro.local" time="0.03">
  <properties/>
  <testcase name="getCalcInputNormal()" classname="InputViewTest" time="0.028"/>
  <testcase name="getCalcInputScientific()" classname="InputViewTest" time="0.001"/>
  <system-out><![CDATA[원하는 계산기를 입력하세요(일반계산기, 공학용계산기 둘 중 하나를 입력하세요): 
원하는 계산기를 입력하세요(일반계산기, 공학용계산기 둘 중 하나를 입력하세요): 
]]></system-out>
  <system-err><![CDATA[]]></system-err>
</testsuite>
