<?xml version="1.0" encoding="UTF-8"?>
<testsuite name="calculator.NormalCalculatorTest" tests="4" skipped="0" failures="0" errors="0" timestamp="2025-01-23T07:16:15" hostname="jang-yehun-ui-MacBookPro.local" time="0.005">
  <properties/>
  <testcase name="divide()" classname="calculator.NormalCalculatorTest" time="0.002"/>
  <testcase name="plus()" classname="calculator.NormalCalculatorTest" time="0.001"/>
  <testcase name="minus()" classname="calculator.NormalCalculatorTest" time="0.001"/>
  <testcase name="multiply()" classname="calculator.NormalCalculatorTest" time="0.0"/>
  <system-out><![CDATA[]]></system-out>
  <system-err><![CDATA[]]></system-err>
</testsuite>
