<?xml version="1.0" encoding="UTF-8"?>
<testsuite name="calculatorService.NormalCalculatorTest" tests="4" skipped="0" failures="0" errors="0" timestamp="2025-02-06T13:07:17" hostname="jang-yehun-ui-MacBookPro.local" time="0.034">
  <properties/>
  <testcase name="divide()" classname="calculatorService.NormalCalculatorTest" time="0.031"/>
  <testcase name="plus()" classname="calculatorService.NormalCalculatorTest" time="0.001"/>
  <testcase name="minus()" classname="calculatorService.NormalCalculatorTest" time="0.0"/>
  <testcase name="multiply()" classname="calculatorService.NormalCalculatorTest" time="0.0"/>
  <system-out><![CDATA[]]></system-out>
  <system-err><![CDATA[]]></system-err>
</testsuite>
