<?xml version="1.0" encoding="UTF-8"?>
<testsuite name="view.OutputViewTest" tests="1" skipped="0" failures="0" errors="0" timestamp="2025-02-06T12:59:47" hostname="jang-yehun-ui-MacBookPro.local" time="0.005">
  <properties/>
  <testcase name="정상적으로 값을 출력하는지 테스트" classname="view.OutputViewTest" time="0.005"/>
  <system-out><![CDATA[]]></system-out>
  <system-err><![CDATA[]]></system-err>
</testsuite>
